<?xml version="1.0" encoding="UTF-8"?>
<!-- Generated by org.testng.reporters.JUnitReportReporter -->
<testsuite hostname="MEENAKSHI" failures="0" tests="10" name="com.runner.TestRunner" time="96.661" errors="0" timestamp="2025-09-12T22:34:07 IST" skipped="0">
  <testcase classname="com.runner.TestRunner" name="runScenario" time="3.446"/>
  <testcase classname="com.runner.TestRunner" name="runScenario" time="7.240"/>
  <testcase classname="com.runner.TestRunner" name="runScenario" time="3.087"/>
  <testcase classname="com.runner.TestRunner" name="runScenario" time="19.454"/>
  <testcase classname="com.runner.TestRunner" name="runScenario" time="1.124"/>
  <testcase classname="com.runner.TestRunner" name="runScenario" time="33.067"/>
  <testcase classname="com.runner.TestRunner" name="runScenario" time="11.385"/>
  <testcase classname="com.runner.TestRunner" name="runScenario" time="5.142"/>
  <testcase classname="com.runner.TestRunner" name="runScenario" time="4.113"/>
  <testcase classname="com.runner.TestRunner" name="runScenario" time="8.603"/>
</testsuite> <!-- com.runner.TestRunner -->
