<?xml version="1.0" encoding="UTF-8"?>
<!-- Generated by org.testng.reporters.JUnitReportReporter -->
<testsuite hostname="MEENAKSHI" failures="0" tests="7" name="com.runner.TestRunner" time="85.444" errors="0" timestamp="2025-09-09T23:15:51 IST" skipped="0">
  <testcase classname="com.runner.TestRunner" name="runScenario" time="1.360"/>
  <testcase classname="com.runner.TestRunner" name="runScenario" time="4.883"/>
  <testcase classname="com.runner.TestRunner" name="runScenario" time="45.076"/>
  <testcase classname="com.runner.TestRunner" name="runScenario" time="28.593"/>
  <testcase classname="com.runner.TestRunner" name="runScenario" time="0.830"/>
  <testcase classname="com.runner.TestRunner" name="runScenario" time="1.142"/>
  <testcase classname="com.runner.TestRunner" name="runScenario" time="3.560"/>
</testsuite> <!-- com.runner.TestRunner -->
