<?xml version="1.0" encoding="UTF-8"?>
<!-- Generated by org.testng.reporters.JUnitReportReporter -->
<testsuite hostname="MEENAKSHI" failures="0" tests="3" name="com.runner.TestRunner" time="76.956" errors="0" timestamp="2025-09-08T19:27:20 IST" skipped="0">
  <testcase classname="com.runner.TestRunner" name="runScenario" time="47.270"/>
  <testcase classname="com.runner.TestRunner" name="runScenario" time="25.279"/>
  <testcase classname="com.runner.TestRunner" name="runScenario" time="4.407"/>
</testsuite> <!-- com.runner.TestRunner -->
