<?xml version="1.0" encoding="UTF-8"?>
<!-- Generated by org.testng.reporters.JUnitReportReporter -->
<testsuite hostname="MEENAKSHI" failures="0" tests="2" name="com.runner.TestRunner" time="35.284" errors="0" timestamp="2025-09-08T08:35:32 IST" skipped="0">
  <testcase classname="com.runner.TestRunner" name="runScenario" time="5.059"/>
  <testcase classname="com.runner.TestRunner" name="runScenario" time="30.225"/>
</testsuite> <!-- com.runner.TestRunner -->
