<?xml version="1.0" encoding="UTF-8"?>
<!-- Generated by org.testng.reporters.JUnitReportReporter -->
<testsuite hostname="MEENAKSHI" failures="0" tests="6" name="com.runner.TestRunner" time="69.757" errors="0" timestamp="2025-09-09T16:18:41 IST" skipped="0">
  <testcase classname="com.runner.TestRunner" name="runScenario" time="30.672"/>
  <testcase classname="com.runner.TestRunner" name="runScenario" time="5.846"/>
  <testcase classname="com.runner.TestRunner" name="runScenario" time="3.107"/>
  <testcase classname="com.runner.TestRunner" name="runScenario" time="25.363"/>
  <testcase classname="com.runner.TestRunner" name="runScenario" time="1.504"/>
  <testcase classname="com.runner.TestRunner" name="runScenario" time="3.265"/>
</testsuite> <!-- com.runner.TestRunner -->
