<?xml version="1.0" encoding="UTF-8"?>
<!-- Generated by org.testng.reporters.JUnitReportReporter -->
<testsuite hostname="MEENAKSHI" failures="0" tests="10" name="com.runner.TestRunner" time="73.272" errors="0" timestamp="2025-09-13T10:24:26 IST" skipped="0">
  <testcase classname="com.runner.TestRunner" name="runScenario" time="22.267"/>
  <testcase classname="com.runner.TestRunner" name="runScenario" time="4.853"/>
  <testcase classname="com.runner.TestRunner" name="runScenario" time="13.380"/>
  <testcase classname="com.runner.TestRunner" name="runScenario" time="3.663"/>
  <testcase classname="com.runner.TestRunner" name="runScenario" time="2.071"/>
  <testcase classname="com.runner.TestRunner" name="runScenario" time="1.010"/>
  <testcase classname="com.runner.TestRunner" name="runScenario" time="0.740"/>
  <testcase classname="com.runner.TestRunner" name="runScenario" time="14.995"/>
  <testcase classname="com.runner.TestRunner" name="runScenario" time="7.923"/>
  <testcase classname="com.runner.TestRunner" name="runScenario" time="2.370"/>
</testsuite> <!-- com.runner.TestRunner -->
