<?xml version="1.0" encoding="UTF-8"?>
<!-- Generated by org.testng.reporters.JUnitReportReporter -->
<testsuite hostname="MEENAKSHI" failures="0" tests="10" name="com.runner.TestRunner" time="124.654" errors="0" timestamp="2025-09-11T22:19:53 IST" skipped="0">
  <testcase classname="com.runner.TestRunner" name="runScenario" time="15.348"/>
  <testcase classname="com.runner.TestRunner" name="runScenario" time="30.138"/>
  <testcase classname="com.runner.TestRunner" name="runScenario" time="1.974"/>
  <testcase classname="com.runner.TestRunner" name="runScenario" time="5.456"/>
  <testcase classname="com.runner.TestRunner" name="runScenario" time="49.142"/>
  <testcase classname="com.runner.TestRunner" name="runScenario" time="2.461"/>
  <testcase classname="com.runner.TestRunner" name="runScenario" time="1.327"/>
  <testcase classname="com.runner.TestRunner" name="runScenario" time="3.755"/>
  <testcase classname="com.runner.TestRunner" name="runScenario" time="9.217"/>
  <testcase classname="com.runner.TestRunner" name="runScenario" time="5.836"/>
</testsuite> <!-- com.runner.TestRunner -->
