<?xml version="1.0" encoding="UTF-8"?>
<!-- Generated by org.testng.reporters.JUnitReportReporter -->
<testsuite hostname="MEENAKSHI" failures="0" tests="1" name="com.runner.TestRunner" time="85.918" errors="0" timestamp="2025-09-06T12:36:49 IST" skipped="0">
  <testcase classname="com.runner.TestRunner" name="runScenario" time="85.918"/>
</testsuite> <!-- com.runner.TestRunner -->
