<?xml version="1.0" encoding="UTF-8"?>
<!-- Generated by org.testng.reporters.JUnitReportReporter -->
<testsuite hostname="MEENAKSHI" failures="0" tests="4" name="com.runner.TestRunner" time="50.773" errors="0" timestamp="2025-09-08T21:52:25 IST" skipped="0">
  <testcase classname="com.runner.TestRunner" name="runScenario" time="1.201"/>
  <testcase classname="com.runner.TestRunner" name="runScenario" time="19.637"/>
  <testcase classname="com.runner.TestRunner" name="runScenario" time="2.814"/>
  <testcase classname="com.runner.TestRunner" name="runScenario" time="27.121"/>
</testsuite> <!-- com.runner.TestRunner -->
