<?xml version="1.0" encoding="UTF-8"?>
<!-- Generated by org.testng.reporters.JUnitReportReporter -->
<testsuite hostname="MEENAKSHI" failures="0" tests="5" name="com.runner.TestRunner" time="64.202" errors="0" timestamp="2025-09-09T10:52:38 IST" skipped="0">
  <testcase classname="com.runner.TestRunner" name="runScenario" time="1.665"/>
  <testcase classname="com.runner.TestRunner" name="runScenario" time="28.304"/>
  <testcase classname="com.runner.TestRunner" name="runScenario" time="5.504"/>
  <testcase classname="com.runner.TestRunner" name="runScenario" time="5.541"/>
  <testcase classname="com.runner.TestRunner" name="runScenario" time="23.188"/>
</testsuite> <!-- com.runner.TestRunner -->
